# JRE version: OpenJDK Runtime Environment Temurin-21.0.10+7 (21.0.10+7) (build 21.0.10+7-LTS)
# Java VM: OpenJDK 64-Bit Server VM Temurin-21.0.10+7 (21.0.10+7-LTS, mixed mode, sharing, tiered, compressed oops, compressed class ptrs, parallel gc, windows-amd64)
GC Precious Log:
 CardTable entry size: 512
 CPUs: 4 total, 4 available
 Memory: 16262M
 Large Page Support: Disabled
 NUMA Support: Disabled
 Compressed Oops: Enabled (32-bit)
 Alignments: Space 512K, Generation 512K, Heap 2M
 Heap Min Capacity: 100M
 Heap Initial Capacity: 100M
 Heap Max Capacity: 2G
 Pre-touch: Disabled
 Parallel Workers: 4
Heap:
 PSYoungGen      total 5632K, used 2989K [0x00000000d5580000, 0x00000000d5f00000, 0x0000000100000000)
  eden space 5120K, 55% used [0x00000000d5580000,0x00000000d5843600,0x00000000d5a80000)
  from space 512K, 31% used [0x00000000d5e80000,0x00000000d5ea8000,0x00000000d5f00000)
  to   space 512K, 0% used [0x00000000d5e00000,0x00000000d5e00000,0x00000000d5e80000)
 ParOldGen       total 180736K, used 180571K [0x0000000080000000, 0x000000008b080000, 0x00000000d5580000)
  object space 180736K, 99% used [0x0000000080000000,0x000000008b056cc0,0x000000008b080000)
 Metaspace       used 79979K, committed 81600K, reserved 1179648K
  class space    used 8550K, committed 9280K, reserved 1048576K
GC Heap History (20 events):
Event: 220.330 GC heap before
{Heap before GC invocations=124 (full 3):
 PSYoungGen      total 5632K, used 5599K [0x00000000d5580000, 0x00000000d6b00000, 0x0000000100000000)
  eden space 5120K, 99% used [0x00000000d5580000,0x00000000d5a7fd20,0x00000000d5a80000)
  from space 512K, 93% used [0x00000000d6200000,0x00000000d62782b0,0x00000000d6280000)
  to   space 7680K, 0% used [0x00000000d5a80000,0x00000000d5a80000,0x00000000d6200000)
 ParOldGen       total 165376K, used 164887K [0x0000000080000000, 0x000000008a180000, 0x00000000d5580000)
  object space 165376K, 99% used [0x0000000080000000,0x000000008a105cf0,0x000000008a180000)
 Metaspace       used 79124K, committed 80704K, reserved 1179648K
  class space    used 8471K, committed 9152K, reserved 1048576K
}
Event: 220.333 GC heap after
{Heap after GC invocations=124 (full 3):
 PSYoungGen      total 9728K, used 4309K [0x00000000d5580000, 0x00000000d6580000, 0x0000000100000000)
  eden space 5120K, 0% used [0x00000000d5580000,0x00000000d5580000,0x00000000d5a80000)
  from space 4608K, 93% used [0x00000000d5a80000,0x00000000d5eb55e0,0x00000000d5f00000)
  to   space 5632K, 0% used [0x00000000d6000000,0x00000000d6000000,0x00000000d6580000)
 ParOldGen       total 165888K, used 165376K [0x0000000080000000, 0x000000008a200000, 0x00000000d5580000)
  object space 165888K, 99% used [0x0000000080000000,0x000000008a180350,0x000000008a200000)
 Metaspace       used 79124K, committed 80704K, reserved 1179648K
  class space    used 8471K, committed 9152K, reserved 1048576K
}
Event: 220.382 GC heap before
{Heap before GC invocations=125 (full 3):
 PSYoungGen      total 9728K, used 9429K [0x00000000d5580000, 0x00000000d6580000, 0x0000000100000000)
  eden space 5120K, 100% used [0x00000000d5580000,0x00000000d5a80000,0x00000000d5a80000)
  from space 4608K, 93% used [0x00000000d5a80000,0x00000000d5eb55e0,0x00000000d5f00000)
  to   space 5632K, 0% used [0x00000000d6000000,0x00000000d6000000,0x00000000d6580000)
 ParOldGen       total 165888K, used 165376K [0x0000000080000000, 0x000000008a200000, 0x00000000d5580000)
  object space 165888K, 99% used [0x0000000080000000,0x000000008a180350,0x000000008a200000)
 Metaspace       used 79124K, committed 80704K, reserved 1179648K
  class space    used 8471K, committed 9152K, reserved 1048576K
}
Event: 220.388 GC heap after
{Heap after GC invocations=125 (full 3):
 PSYoungGen      total 10752K, used 5113K [0x00000000d5580000, 0x00000000d6580000, 0x0000000100000000)
  eden space 5120K, 0% used [0x00000000d5580000,0x00000000d5580000,0x00000000d5a80000)
  from space 5632K, 90% used [0x00000000d6000000,0x00000000d64fe4b8,0x00000000d6580000)
  to   space 5632K, 0% used [0x00000000d5a80000,0x00000000d5a80000,0x00000000d6000000)
 ParOldGen       total 168960K, used 168864K [0x0000000080000000, 0x000000008a500000, 0x00000000d5580000)
  object space 168960K, 99% used [0x0000000080000000,0x000000008a4e8340,0x000000008a500000)
 Metaspace       used 79124K, committed 80704K, reserved 1179648K
  class space    used 8471K, committed 9152K, reserved 1048576K
}
Event: 220.407 GC heap before
{Heap before GC invocations=126 (full 3):
 PSYoungGen      total 10752K, used 10162K [0x00000000d5580000, 0x00000000d6580000, 0x0000000100000000)
  eden space 5120K, 98% used [0x00000000d5580000,0x00000000d5a6e3d8,0x00000000d5a80000)
  from space 5632K, 90% used [0x00000000d6000000,0x00000000d64fe4b8,0x00000000d6580000)
  to   space 5632K, 0% used [0x00000000d5a80000,0x00000000d5a80000,0x00000000d6000000)
 ParOldGen       total 168960K, used 168864K [0x0000000080000000, 0x000000008a500000, 0x00000000d5580000)
  object space 168960K, 99% used [0x0000000080000000,0x000000008a4e8340,0x000000008a500000)
 Metaspace       used 79124K, committed 80704K, reserved 1179648K
  class space    used 8471K, committed 9152K, reserved 1048576K
}
Event: 220.413 GC heap after
{Heap after GC invocations=126 (full 3):
 PSYoungGen      total 10240K, used 4841K [0x00000000d5580000, 0x00000000d6480000, 0x0000000100000000)
  eden space 5120K, 0% used [0x00000000d5580000,0x00000000d5580000,0x00000000d5a80000)
  from space 5120K, 94% used [0x00000000d5a80000,0x00000000d5f3a6b0,0x00000000d5f80000)
  to   space 5120K, 0% used [0x00000000d5f80000,0x00000000d5f80000,0x00000000d6480000)
 ParOldGen       total 174080K, used 173950K [0x0000000080000000, 0x000000008aa00000, 0x00000000d5580000)
  object space 174080K, 99% used [0x0000000080000000,0x000000008a9dfa60,0x000000008aa00000)
 Metaspace       used 79124K, committed 80704K, reserved 1179648K
  class space    used 8471K, committed 9152K, reserved 1048576K
}
Event: 220.647 GC heap before
{Heap before GC invocations=127 (full 3):
 PSYoungGen      total 10240K, used 9961K [0x00000000d5580000, 0x00000000d6480000, 0x0000000100000000)
  eden space 5120K, 100% used [0x00000000d5580000,0x00000000d5a80000,0x00000000d5a80000)
  from space 5120K, 94% used [0x00000000d5a80000,0x00000000d5f3a6b0,0x00000000d5f80000)
  to   space 5120K, 0% used [0x00000000d5f80000,0x00000000d5f80000,0x00000000d6480000)
 ParOldGen       total 174080K, used 173950K [0x0000000080000000, 0x000000008aa00000, 0x00000000d5580000)
  object space 174080K, 99% used [0x0000000080000000,0x000000008a9dfa60,0x000000008aa00000)
 Metaspace       used 79148K, committed 80768K, reserved 1179648K
  class space    used 8471K, committed 9152K, reserved 1048576K
}
Event: 220.653 GC heap after
{Heap after GC invocations=127 (full 3):
 PSYoungGen      total 7168K, used 1888K [0x00000000d5580000, 0x00000000d6180000, 0x0000000100000000)
  eden space 5120K, 0% used [0x00000000d5580000,0x00000000d5580000,0x00000000d5a80000)
  from space 2048K, 92% used [0x00000000d5f80000,0x00000000d6158020,0x00000000d6180000)
  to   space 3072K, 0% used [0x00000000d5b80000,0x00000000d5b80000,0x00000000d5e80000)
 ParOldGen       total 177664K, used 177638K [0x0000000080000000, 0x000000008ad80000, 0x00000000d5580000)
  object space 177664K, 99% used [0x0000000080000000,0x000000008ad79a60,0x000000008ad80000)
 Metaspace       used 79148K, committed 80768K, reserved 1179648K
  class space    used 8471K, committed 9152K, reserved 1048576K
}
Event: 2398.156 GC heap before
{Heap before GC invocations=128 (full 3):
 PSYoungGen      total 7168K, used 7008K [0x00000000d5580000, 0x00000000d6180000, 0x0000000100000000)
  eden space 5120K, 100% used [0x00000000d5580000,0x00000000d5a80000,0x00000000d5a80000)
  from space 2048K, 92% used [0x00000000d5f80000,0x00000000d6158020,0x00000000d6180000)
  to   space 3072K, 0% used [0x00000000d5b80000,0x00000000d5b80000,0x00000000d5e80000)
 ParOldGen       total 177664K, used 177638K [0x0000000080000000, 0x000000008ad80000, 0x00000000d5580000)
  object space 177664K, 99% used [0x0000000080000000,0x000000008ad79a60,0x000000008ad80000)
 Metaspace       used 79525K, committed 81216K, reserved 1179648K
  class space    used 8501K, committed 9280K, reserved 1048576K
}
Event: 2398.159 GC heap after
{Heap after GC invocations=128 (full 3):
 PSYoungGen      total 8192K, used 160K [0x00000000d5580000, 0x00000000d6000000, 0x0000000100000000)
  eden space 5120K, 0% used [0x00000000d5580000,0x00000000d5580000,0x00000000d5a80000)
  from space 3072K, 5% used [0x00000000d5b80000,0x00000000d5ba8000,0x00000000d5e80000)
  to   space 1024K, 0% used [0x00000000d5f00000,0x00000000d5f00000,0x00000000d6000000)
 ParOldGen       total 179712K, used 179262K [0x0000000080000000, 0x000000008af80000, 0x00000000d5580000)
  object space 179712K, 99% used [0x0000000080000000,0x000000008af0fa60,0x000000008af80000)
 Metaspace       used 79525K, committed 81216K, reserved 1179648K
  class space    used 8501K, committed 9280K, reserved 1048576K
}
Event: 2412.969 GC heap before
{Heap before GC invocations=129 (full 3):
 PSYoungGen      total 8192K, used 5280K [0x00000000d5580000, 0x00000000d6000000, 0x0000000100000000)
  eden space 5120K, 100% used [0x00000000d5580000,0x00000000d5a80000,0x00000000d5a80000)
  from space 3072K, 5% used [0x00000000d5b80000,0x00000000d5ba8000,0x00000000d5e80000)
  to   space 1024K, 0% used [0x00000000d5f00000,0x00000000d5f00000,0x00000000d6000000)
 ParOldGen       total 179712K, used 179262K [0x0000000080000000, 0x000000008af80000, 0x00000000d5580000)
  object space 179712K, 99% used [0x0000000080000000,0x000000008af0fa60,0x000000008af80000)
 Metaspace       used 79538K, committed 81216K, reserved 1179648K
  class space    used 8502K, committed 9280K, reserved 1048576K
}
Event: 2412.972 GC heap after
{Heap after GC invocations=129 (full 3):
 PSYoungGen      total 6144K, used 960K [0x00000000d5580000, 0x00000000d6000000, 0x0000000100000000)
  eden space 5120K, 0% used [0x00000000d5580000,0x00000000d5580000,0x00000000d5a80000)
  from space 1024K, 93% used [0x00000000d5f00000,0x00000000d5ff0040,0x00000000d6000000)
  to   space 1536K, 0% used [0x00000000d5d00000,0x00000000d5d00000,0x00000000d5e80000)
 ParOldGen       total 179712K, used 179390K [0x0000000080000000, 0x000000008af80000, 0x00000000d5580000)
  object space 179712K, 99% used [0x0000000080000000,0x000000008af2fa60,0x000000008af80000)
 Metaspace       used 79538K, committed 81216K, reserved 1179648K
  class space    used 8502K, committed 9280K, reserved 1048576K
}
Event: 2413.111 GC heap before
{Heap before GC invocations=130 (full 3):
 PSYoungGen      total 6144K, used 6080K [0x00000000d5580000, 0x00000000d6000000, 0x0000000100000000)
  eden space 5120K, 100% used [0x00000000d5580000,0x00000000d5a80000,0x00000000d5a80000)
  from space 1024K, 93% used [0x00000000d5f00000,0x00000000d5ff0040,0x00000000d6000000)
  to   space 1536K, 0% used [0x00000000d5d00000,0x00000000d5d00000,0x00000000d5e80000)
 ParOldGen       total 179712K, used 179390K [0x0000000080000000, 0x000000008af80000, 0x00000000d5580000)
  object space 179712K, 99% used [0x0000000080000000,0x000000008af2fa60,0x000000008af80000)
 Metaspace       used 79663K, committed 81344K, reserved 1179648K
  class space    used 8522K, committed 9280K, reserved 1048576K
}
Event: 2413.113 GC heap after
{Heap after GC invocations=130 (full 3):
 PSYoungGen      total 6656K, used 784K [0x00000000d5580000, 0x00000000d5f80000, 0x0000000100000000)
  eden space 5120K, 0% used [0x00000000d5580000,0x00000000d5580000,0x00000000d5a80000)
  from space 1536K, 51% used [0x00000000d5d00000,0x00000000d5dc4030,0x00000000d5e80000)
  to   space 1024K, 0% used [0x00000000d5e80000,0x00000000d5e80000,0x00000000d5f80000)
 ParOldGen       total 180224K, used 179904K [0x0000000080000000, 0x000000008b000000, 0x00000000d5580000)
  object space 180224K, 99% used [0x0000000080000000,0x000000008afb0390,0x000000008b000000)
 Metaspace       used 79663K, committed 81344K, reserved 1179648K
  class space    used 8522K, committed 9280K, reserved 1048576K
}
Event: 2413.150 GC heap before
{Heap before GC invocations=131 (full 3):
 PSYoungGen      total 6656K, used 5904K [0x00000000d5580000, 0x00000000d5f80000, 0x0000000100000000)
  eden space 5120K, 100% used [0x00000000d5580000,0x00000000d5a80000,0x00000000d5a80000)
  from space 1536K, 51% used [0x00000000d5d00000,0x00000000d5dc4030,0x00000000d5e80000)
  to   space 1024K, 0% used [0x00000000d5e80000,0x00000000d5e80000,0x00000000d5f80000)
 ParOldGen       total 180224K, used 179904K [0x0000000080000000, 0x000000008b000000, 0x00000000d5580000)
  object space 180224K, 99% used [0x0000000080000000,0x000000008afb0390,0x000000008b000000)
 Metaspace       used 79696K, committed 81408K, reserved 1179648K
  class space    used 8524K, committed 9280K, reserved 1048576K
}
Event: 2413.152 GC heap after
{Heap after GC invocations=131 (full 3):
 PSYoungGen      total 6144K, used 960K [0x00000000d5580000, 0x00000000d5f80000, 0x0000000100000000)
  eden space 5120K, 0% used [0x00000000d5580000,0x00000000d5580000,0x00000000d5a80000)
  from space 1024K, 93% used [0x00000000d5e80000,0x00000000d5f70000,0x00000000d5f80000)
  to   space 1024K, 0% used [0x00000000d5d80000,0x00000000d5d80000,0x00000000d5e80000)
 ParOldGen       total 180224K, used 180048K [0x0000000080000000, 0x000000008b000000, 0x00000000d5580000)
  object space 180224K, 99% used [0x0000000080000000,0x000000008afd43b0,0x000000008b000000)
 Metaspace       used 79696K, committed 81408K, reserved 1179648K
  class space    used 8524K, committed 9280K, reserved 1048576K
}
Event: 2413.394 GC heap before
{Heap before GC invocations=132 (full 3):
 PSYoungGen      total 6144K, used 6075K [0x00000000d5580000, 0x00000000d5f80000, 0x0000000100000000)
  eden space 5120K, 99% used [0x00000000d5580000,0x00000000d5a7ed40,0x00000000d5a80000)
  from space 1024K, 93% used [0x00000000d5e80000,0x00000000d5f70000,0x00000000d5f80000)
  to   space 1024K, 0% used [0x00000000d5d80000,0x00000000d5d80000,0x00000000d5e80000)
 ParOldGen       total 180224K, used 180048K [0x0000000080000000, 0x000000008b000000, 0x00000000d5580000)
  object space 180224K, 99% used [0x0000000080000000,0x000000008afd43b0,0x000000008b000000)
 Metaspace       used 79723K, committed 81408K, reserved 1179648K
  class space    used 8525K, committed 9280K, reserved 1048576K
}
Event: 2413.396 GC heap after
{Heap after GC invocations=132 (full 3):
 PSYoungGen      total 6144K, used 160K [0x00000000d5580000, 0x00000000d5f00000, 0x0000000100000000)
  eden space 5120K, 0% used [0x00000000d5580000,0x00000000d5580000,0x00000000d5a80000)
  from space 1024K, 15% used [0x00000000d5d80000,0x00000000d5da8000,0x00000000d5e80000)
  to   space 512K, 0% used [0x00000000d5e80000,0x00000000d5e80000,0x00000000d5f00000)
 ParOldGen       total 180736K, used 180539K [0x0000000080000000, 0x000000008b080000, 0x00000000d5580000)
  object space 180736K, 99% used [0x0000000080000000,0x000000008b04ecc0,0x000000008b080000)
 Metaspace       used 79723K, committed 81408K, reserved 1179648K
  class space    used 8525K, committed 9280K, reserved 1048576K
}
Event: 2414.959 GC heap before
{Heap before GC invocations=133 (full 3):
 PSYoungGen      total 6144K, used 5280K [0x00000000d5580000, 0x00000000d5f00000, 0x0000000100000000)
  eden space 5120K, 100% used [0x00000000d5580000,0x00000000d5a80000,0x00000000d5a80000)
  from space 1024K, 15% used [0x00000000d5d80000,0x00000000d5da8000,0x00000000d5e80000)
  to   space 512K, 0% used [0x00000000d5e80000,0x00000000d5e80000,0x00000000d5f00000)
 ParOldGen       total 180736K, used 180539K [0x0000000080000000, 0x000000008b080000, 0x00000000d5580000)
  object space 180736K, 99% used [0x0000000080000000,0x000000008b04ecc0,0x000000008b080000)
 Metaspace       used 79961K, committed 81600K, reserved 1179648K
  class space    used 8550K, committed 9280K, reserved 1048576K
}
Event: 2414.960 GC heap after
{Heap after GC invocations=133 (full 3):
 PSYoungGen      total 5632K, used 160K [0x00000000d5580000, 0x00000000d5f00000, 0x0000000100000000)
  eden space 5120K, 0% used [0x00000000d5580000,0x00000000d5580000,0x00000000d5a80000)
  from space 512K, 31% used [0x00000000d5e80000,0x00000000d5ea8000,0x00000000d5f00000)
  to   space 512K, 0% used [0x00000000d5e00000,0x00000000d5e00000,0x00000000d5e80000)
 ParOldGen       total 180736K, used 180571K [0x0000000080000000, 0x000000008b080000, 0x00000000d5580000)
  object space 180736K, 99% used [0x0000000080000000,0x000000008b056cc0,0x000000008b080000)
 Metaspace       used 79961K, committed 81600K, reserved 1179648K
  class space    used 8550K, committed 9280K, reserved 1048576K
}

